[    0.000000] Initializig rop subsys cpuset
[    0.000000] Initializing cgroup subsys cpu
[    0.000000] Initializing cgroup subsys cpuacct
[    0.000000] Linux version 4.4.0-116-generic (buildd@lgw01-amd6402 (ccversio5.0 20609 bunt 5.40-ubntu1164.9) )#140-Ubuntu SMP Moneb12 2:2:0 UC 208 butu 4.4.016140-enic4.4.98)[  0.00000] omand line: BOOT_IMAGE=/ot/mlinu-4.40-16-geneic ro=LBEL=cldi-roofso onsoe=y1conslety0
[  00000] KENEsuported cpus:
[    0.000000]   Intel GenuineIntel
[    0.000000]   AMD AuthenticAMD
[    0.000000]   Cenaur CeauHaul
   0.0000 x86/u: xtae_fft[2]  6,xstae_ze[2]:  256
[    0.000000] x86/fpu: Supporting XSAVE feature 0x01: 'x87 floating point registers'
[    0.000000] x86/fpu: Supporting XSAVE feature 0x02: 'SSE registers'
[    0.000000] x86/fpu: Supporting XSAVE feature 0x04: 'AVX registers'
[  00000] 6/u: Eabd stat features 0x7, ontext size is 83 bytes, using 'standard' format.
[   .000000] x86/fpu:Usng 'lazy' FPU contxt switchs.
    0.0000] 20: IOprvide psial RAMma
    0.00000 BS-820:[mem 0x0000000000000000-0x000000000009fbff] usable
[    0.000000] BIOS-e820: [mem 0x000000000009fc00-0x000000000009ffff] reserved
[    0.000000] BIOS-e820: [mem 0x00000000000f0000-0x00000000000fffff]esrved
[  .0000 BOS-e82: me 0x000000100000-0x000000003ffeffff] sae
[  .00000] BIOS-e8: em 0x00000fff00000x000003fffffff] CPdaa
[  000000]IO-e20: me0x00000fc0000-0x0000000fc0ff] seed
  0.0000] OSe820 [m x00000fe0000-0x000000feeff rserved
[  000000] BIS-82 [em 000000ffc000x00000fffff]reerved
[  00000] X xeute Disle potecio ative
[    0.000000] SMBIOS 2.5 present.
[    0.000000] Hypervisor detected: KVM
[    0.000000]e820: lat_fn = 0x3fff0 max_arch_pfn = 0x400000000
[    0.000000] MTRR: Disabled
  0.00000 x6/PATMTRRs disabled skipping PAT initialization too.
[    0.000000] CPU MTRRs al lak  virtualized system.
[    0.00000 x/PAT: Configuration [0-7]:   WT UC-     WT C-C  
[   .0000] unSMP MP-table atme 00009ff0x009ffff mpeat [ff880009fff0]
[  00000] anning ars or l mory crrptn
[   0.00000]RADISK [em0x36ac2000x358fff]
[    0.000000] ACPI: Early table checksum verification disabled
[    0.0000] PI: SD0x00000000000E0000 000024 (v02 VBOX  )
[    0.000000] ACPI: XSDT 0x000000003FFF0030 00003C (v01 VBOX   VBOXXSDT 00000001 ASL  00000061)
[    0.000000] ACPI: FACP 0x000000003FFF00F0 0000F4 (v04 VBOX   VBOXFACP 00000001 ASL  00000061)
[   .0000] CP DDT 0000003FF04 021FFv0VBOX  BOBIS 000000INL 200028
[    0.000000] ACPI: FACS 0x000000003FFF0200 000040
[    0.000000] ACPI: FACS 0x000000003FFF0200 000040
[    0.000000] ACPI: APIC 0x000000003FFF0240 00005C (v02 VBOX   VBOXAPIC 00000001 ASL  00000061)
[    0.000000] ACPI: SSDT 0x000000003FFF02A0 0001CC (v01 VBOX   VBOXCPUT 00000002 INTL 20100528)
[    0.000000] No NUMA configuration found
[    0.000000] Faking a node at [mem 0x0000000000000000-0x000000003ffeffff]
[    0.000000] NODE_DATA(0) allocated [mem 0x3fe000x3ffff]
[  .00000] kv-cck Usig sr4b56d0an 4b5d0
[   0000] kvm-clck cp 0, msr 3f3001 primary cpu clock
[    0.000000] kvm-clock: using sched offset of 3598797973 cycles
[    0.000000] clocksource: kvm-clock: mask: 0xffffffffffffffff max_cycl: 01cd42edffb, max_idle_ns: 881590591483 ns
[    0.000000]onrangs:
[    0.000000]   DMA      [mem 0x0000000000001000-0x0000000000ffffff]
[    0.000000]   DMA32    [mem 0x0000000001000000-0x000000003ffeffff]
[    0.000000]   Normal   empty
[    0.000000]   Device   empty
[    0.000000] Movable zone start for each node
[    0.000000] Early memory node ranges
[    0.000000]   node   0: [mem 0x0000000000001000-0x000000000009efff]
[    0.000000]   node   0[mm 0x00000010000-000000ffffff][    0.000000 Initmem setup node 0 [mem 0x0000000000001000-0x000000003ffeffff]
[    0.000000] API: PM-Timer IO Port: 0x4008
[    0.000000] IOAPIC[0]: apic_id 2, verson 32, address 0xfec00000, GSI 0-23
[    0.000000] ACPI: INT_SRC_OVR (bus 0 bus_irq 0 global_irq 2 dfl dfl)
[    0.000000] ACPI: INT_SRC_OVR (bus 0 bus_irq 9 global_irq 9 low level)
[    0.000000] Using ACPI (MADT) for SMP configuration information
[   0.0000] smpboot: Allowing 2 CPUs, 0 hotplug CPUs
[    0.000000] PM: Registered nosave memory: [mem 0x0000000-0x00000f]
[    0.000000] PM: Regiser nave memor: em0x009f0-x000ff][    0.000000PMRegited save memo: em 0x000a000-000ffff]
[    0.000000] PM: Registered nosave memory: [mm x00000-000ffff
[   0.00000e80: [mem 0x40000000-xfffff] vaab fforPC dvies
  0.00000] Botg aarartalizd rnl onVM
[    0.000000] clocksource: refined-jiffies: mask: 0xffffffff max_cycles: 0xffffffff, max_idle_ns: 7645519600211568 ns
[    0.000000] setup_percpu: NR_CPUS:512 nr_cpumaskits:12nrpu_i:2r_nod_ids:1[   0.0000 PRCPU Eeded 3pas/cp @fff8803f0000s954 r82 31528u1856
[    0.0000 P qspinlock hash table entries: 256 (order: 0, 4096 bytes)
[  000000]ui 1zoneis in Node order, mobility grouping on.  Total pages: 257913
[    0.000000] Policy zone: DMA32
[    0.000000] Kernel command line: BOOT_IMAE=/boot/vmlinuz-4.4.0-116-generic root=LABEL=cloudimg-rootfs ro console=tty1 console=ttyS0
[    0.000000] PID hash table entri: 09 (order3, 3268bytes)[   .0000] moy: 1001688K/1048120 ailble (53 knel code, 1309K rwdata, 3992K rodata, 1508K init, 1316K bss, 46432K reserved, 0K cma-reserved)
[    0.000000] SSLUB: align=64, Order=0-3, MinObjects=0, CPUs=2, Nodes=1
[    0.000000] Kernel/User page tables isolation: enabled
[    0.000000] Hierarchical RCU implementation.
[    0.000000] 	Build-time adjustment of leaf fanout to 64.
[    0.000000] 	U retrctg CPUs fromNRPU=512 t ncp_i=2
[   0.0000 RU: Adjstg eomery for u_fanout_laf=64 n_c_ids=2[   0.0000]R_IR:324 n_iqs40 16[  0.00000Cosolecour VGA+ 80x2
  0.000]console[ty1enbled
[    .000] coso [tyS0enled
[  000000] tsc: Detected 2303.998 MHz processor
[   10.479406] Calibrating delay loop (skipped) preset value.. 4607.99 BogoMIPS (lpj=9215992)
[   10.557155] pid_max: default: 32768 minimum: 301
[   10.638818] ACPI: Core revision 20150930
[   10.705510] ACPI: 2 ACPI AML tables successfully acquired and loaded
[   10.747462] Security Framework initialized
[   10.748234] Yama: becoming mindful.
[   10.748922] AppArmor: AppArmor initialized
[   10.749739] Dentry cache hash table entries: 131072 (order: 8, 1048576 bytes)
[   10.844644] Inode-cache hash table entries: 65536 (order: 7, 524288 bytes)
[   10.919131] Mount-cache hash table entries: 2048 (order: 2, 16384 bytes)
[   10.983765] Mountpoint-cache hash table entries: 2048 (order: 2, 16384 bytes)
[   11.071731] Initializing cgroup subsys io
[   11.142524] Initializing cgroup subsys memory
[   11.219627] Initializing cgroup subsys devices
[   11.271020] Initializing cgroup subsys freezer
[   11.350781] Initializing cgroup subsys net_cls
[   11.423000] Initializing cgroup subsys perf_event
[   11.506890] Initializing cgroup subsys net_prio
[   11.535290] Initializing cgroup subsys hugetlb
[   11.593904] Initializing cgroup subsys pids
[   11.601289] CPU: Physical Processor ID: 0
[   11.623300] CPU: Processor Core ID: 0
[   11.636151] FEATURE SPEC_CTRL Not Present
[   11.652152] mce: CPU supports 0 MCE banks
[   11.659450] Last level iTLB entries: 4KB 64, 2MB 8, 4MB 8
[   11.692944] Last level dTLB entries: 4KB 64, 2MB 0, 4MB 0, 1GB 4
[   11.694724] Spectre V2 mitigation: Mitigation: Full generic retpoline
[   11.699009] Spectre V2 mitigation: Speculation control IBPB not-supported IBRS not-supported
[   11.704613] Freeing SMP alternatives memory: 32K
[   11.719527] ftrace: allocating 32186 entries in 126 pages
[   11.824824] smpboot: APIC(0) Converting physical 0 to logical package 0
[   11.845852] smpboot: Max logical packages: 1
[   11.846863] x2apic enabled
[   11.847616] Switched APIC routing to physical x2apic.
[   11.855510] ..TIMER: vector=0x30 apic1=0 pin1=2 apic2=-1 pin2=-1
[   11.975041] smpboot: CPU0: Intel(R) Core(TM) i5-7360U CPU @ 2.30GHz (family: 0x6, model: 0x8e, stepping: 0x9)
[   11.992791] Performance Events: unsupported p6 CPU model 142 no PMU driver, software events only.
[   12.002874] KVM setup paravirtual spinlock
[   12.007984] x86: Booting SMP configuration:
[   12.021092] .... node  #0, CPUs:      #1
[   12.036595] kvm-clock: cpu 1, msr 0:3ffe3041, secondary cpu clock
[   12.056544] mce: CPU supports 0 MCE banks
[   12.071205] x86: Booted up 1 node, 2 CPUs
[   12.074560] smpboot: Total of 2 processors activated (9215.99 BogoMIPS)
[   12.126996] devtmpfs: initialized
[   12.170307] evm: security.selinux
[   12.188955] evm: security.SMACK64
[   12.229655] evm: security.SMACK64EXEC
[   12.230611] evm: security.SMACK64TRANSMUTE
[   12.231668] evm: security.SMACK64MMAP
[   12.271724] evm: security.ima
[   12.281948] evm: security.capability
[   12.282823] clocksource: jiffies: mask: 0xffffffff max_cycles: 0xffffffff, max_idle_ns: 7645041785100000 ns
[   12.369499] futex hash table entries: 512 (order: 3, 32768 bytes)
[   12.447552] pinctrl core: initialized pinctrl subsystem
[   12.471865] RTC time: 14:39:59, date: 03/22/18
[   12.484260] NET: Registered protocol family 16
[   12.528014] cpuidle: using governor ladder
[   12.573274] cpuidle: using governor menu
[   12.592332] PCCT header not found.
[   12.593073] ACPI: bus type PCI registered
[   12.593831] acpiphp: ACPI Hot Plug PCI Controller Driver version: 0.5
[   12.621952] PCI: Using configuration type 1 for base access
[   12.674229] ACPI: Added _OSI(Module Device)
[   12.677821] ACPI: Added _OSI(Processor Device)
[   12.694875] ACPI: Added _OSI(3.0 _SCP Extensions)
[   12.695832] ACPI: Added _OSI(Processor Aggregator Device)
[   12.698227] ACPI: Executed 1 blocks of module-level executable AML code
[   12.761330] ACPI: Interpreter enabled
[   12.771250] ACPI: (supports S0 S5)
[   12.784446] ACPI: Using IOAPIC for interrupt routing
[   12.815318] PCI: Using host bridge windows from ACPI; if necessary, use "pci=nocrs" and report a bug
[   12.839601] ACPI: PCI Root Bridge [PCI0] (domain 0000 [bus 00-ff])
[   12.847436] acpi PNP0A03:00: _OSC: OS supports [ASPM ClockPM Segments MSI]
[   12.859675] acpi PNP0A03:00: _OSC: not requesting OS control; OS requires [ExtendedConfig ASPM ClockPM MSI]
[   12.868020] acpi PNP0A03:00: fail to add MMCONFIG information, can't access extended PCI configuration space under this bridge.
[   12.881477] PCI host bridge to bus 0000:00
[   12.905679] pci_bus 0000:00: root bus resource [io  0x0000-0x0cf7 window]
[   12.907517] pci_bus 0000:00: root bus resource [io  0x0d00-0xffff window]
[   12.987015] pci_bus 0000:00: root bus resource [mem 0x000a0000-0x000bffff window]
[   13.032003] pci_bus 0000:00: root bus resource [mem 0x40000000-0xfdffffff window]
[   13.077506] pci_bus 0000:00: root bus resource [bus 00-ff]
[   13.137252] pci 0000:00:01.1: legacy IDE quirk: reg 0x10: [io  0x01f0-0x01f7]
[   13.183807] pci 0000:00:01.1: legacy IDE quirk: reg 0x14: [io  0x03f6]
[   13.258324] pci 0000:00:01.1: legacy IDE quirk: reg 0x18: [io  0x0170-0x0177]
[   13.321849] pci 0000:00:01.1: legacy IDE quirk: reg 0x1c: [io  0x0376]
[   13.410643] pci 0000:00:07.0: quirk: [io  0x4000-0x403f] claimed by PIIX4 ACPI
[   13.488393] pci 0000:00:07.0: quirk: [io  0x4100-0x410f] claimed by PIIX4 SMB
[   13.581714] ACPI: PCI Interrupt Link [LNKA] (IRQs 5 9 10 *11)
[   13.653871] ACPI: PCI Interrupt Link [LNKB] (IRQs 5 9 *10 11)
[   13.693906] ACPI: PCI Interrupt Link [LNKC] (IRQs 5 *9 10 11)
[   13.762643] ACPI: PCI Interrupt Link [LNKD] (IRQs 5 9 10 *11)
[   13.781857] ACPI: Enabled 2 GPEs in block 00 to 07
[   13.810020] vgaarb: setting as boot device: PCI:0000:00:02.0
[   13.816301] vgaarb: device added: PCI:0000:00:02.0,decodes=io+mem,owns=io+mem,locks=none
[   13.881790] vgaarb: loaded
[   13.886553] vgaarb: bridge control possible 0000:00:02.0
[   13.905992] SCSI subsystem initialized
[   13.906899] ACPI: bus type USB registered
[   13.907670] usbcore: registered new interface driver usbfs
[   13.908630] usbcore: registered new interface driver hub
[   13.910712] usbcore: registered new device driver usb
[   13.913053] PCI: Using ACPI for IRQ routing
[   13.926068] NetLabel: Initializing
[   13.926805] NetLabel:  domain hash size = 128
[   13.927695] NetLabel:  protocols = UNLABELED CIPSOv4
[   13.937653] NetLabel:  unlabeled traffic allowed by default
[   13.941746] amd_nb: Cannot enumerate AMD northbridges
[   13.953148] clocksource: Switched to clocksource kvm-clock
[   13.980 AArr: AppArmor Filesystem Enabled
[   4.96] npPnACPI init
[ 149333 pp:nPCP fun3 vis
[   14.867547] clocksource: acpi_pm: mask: 0xffffff max_cycles: 0xffffff, max_idle_ns: 2085701024 ns
[   14.913545] NET: Registered protocol family 2
[   14.914714] TCP established hash table entries: 8192 (order: 4, 65536 bytes)
[   14.919539] TCP bind hash table entries: 8192 (order: 5, 131072 bytes)
[   14.941546] TCP: Hash tables configured (established 8192 bind 8192)
[   14.985297] UDP hash table entries: 512 (order: 2, 16384 bytes)
[   15.005782] UDP-Lite hash table entries: 512 (order: 2, 16384 bytes)
[   15.006926] NET: Registered protocol family 1
[   15.007825] pci 0000:00:00.0: Limiting direct PCI/PCI transfers
[   15.019894] pci 0000:00:01.0: Activating ISA DMA hang workarounds
[   15.038430] Unpacking initramfs...
[   16.649820] Freeing initrd memory: 10844K
[   16.731820] platform rtc_cmos: registered platform RTC device (no PNP device found)
[   16.818934] Scanning for low memory corruption every 60 seconds
[   16.900842] audit: initializing netlink subsys (disabled)
[   16.941800] audit: type=2000 audit(1521729595.078:1): initialized
[   16.943047] Initialise system trusted keyring
[   16.944084] HugeTLB registered 2 MB page size, pre-allocated 0 pages
[   17.033816] zbud: loaded
[   17.054456] VFS: Disk quotas dquot_6.6.0
[   17.078250] VFS: Dquot-cache hash table entries: 512 (order 0, 4096 bytes)
[   17.102274] squashfs: version 4.0 (2009/01/31) Phillip Lougher
[   17.103928] fuse init (API version 7.23)
[ 171115] Ke type big_key registered
[   17.297615] AlloatngIMA MOK and blacklist keyrings.
[   17.394583] Key type asymmetric registered
[   17.402222] Asymmetric key parser 'x509' registered
[   17.409679] Block layer SCSI generic (bsg) driver version 0.4 loaded (major 249)
[   17.422855] io scheduler noop registered
[   17.444917] io scheduler deadline registered (default)
[   17.493841] io scheduler cfq registered
[   17.494664] pci_hotplug: PCI Hot Plug PCI Core version: 0.5
[   17.498032] pciehp: PCI Express Hot Plug Controller Driver version: 0.4
[   17.538433] ACPI: AC Adapter [AC] (on-line)
[   17.545977] input: Power Button as /devices/LNXSYSTM:00/LNXPWRBN:00/input/input0
[   17.547372] ACPI: Power Button [PWRF]
[   17.561056] input: Sleep Button as /devices/LNXSYSTM:00/LNXSLPBN:00/input/input1
[   17.151]ACI:le Bton [LPF][  192320] sc RfiedTSclcksource calibration: 2303.36MH
[  128377]clksrc t: sk0xffffffff m_cle 0219bc2 mx_idle_ns: 440795215603 ns

[   18.264 GS:HE is otenbl!
[   18.283724] Serial: 8250/16550 driver, 32 ports, IRQ sharing enabled
[   19.186142] 00:02: ttyS0 at I/O 0x3f8 (irq = 4, base_baud = 115200) is a 16550A
[   19.542964] Linux agpgart interface v0.103
[   19.568844] loop: module loaded
[   19.569442] scsi host0: ata_piix
[   19.569505] scsi host1: ata_piix
[   19.569538] ata1: PATA max UDMA/33 cmd 0x1f0 ctl 0x3f6 bmdma 0xd000 irq 14
[   19.569539] ata2: PATA max UDMA/33 cmd 0x170 ctl 0x376 bmdma 0xd008 irq 15
[   19.569623] libphy: Fixed MDIO Bus: probed
[   19.569626] tun: Universal TUN/TAP device driver, 1.6
[   19.569626] tun: (C) 1999-2004 Max Krasnyansky <maxk@qualcomm.com>
[   19.569989] PPP generic driver version 2.4.2
[   19.570049] ehci_hcd: USB 2.0 'Enhanced' Host Controller (EHCI) Driver
[   19.570053] ehci-pci: EHCI PCI platform driver
[   19.570068] ehci-platform: EHCI generic platform driver
[   19.570076] ohci_hcd: USB 1.1 'Open' Host Controller (OHCI) Driver
[   19.570079] ohci-pci: OHCI PCI platform driver
[   19.570086] ohci-platform: OHCI generic platform driver
[   19.570093] uhci_hcd: USB Universal Host Controller Interface driver
[   19.570194] i8042: PNP: PS/2 Controller [PNP0303:PS2K,PNP0f03:PS2M] at 0x60,0x64 irq 1,12
[   19.621778] serio: i8042 KBD port at 0x60,0x64 irq 1
[   19.621784] serio: i8042 AUX port at 0x60,0x64 irq 12
[   19.621902] mousedev: PS/2 mouse device common for all mice
[   19.622145] rtc_cmos rtc_cmos: rtc core: registered rtc_cmos as rtc0
[   19.622188] rtc_cmos rtc_cmos: alarms up to one day, 114 bytes nvram
[   19.622193] i2c /dev entries driver
[   19.622241] device-mapper: uevent: version 1.0.3
[   19.622280] device-mapper: ioctl: 4.34.0-ioctl (2015-10-28) initialised: dm-devel@redhat.com
[   19.622299] ledtrig-cpu: registered to indicate activity on CPUs
[   19.622505] NET: Registered protocol family 10
[   19.622621] NET: Registered protocol family 17
[   19.622632] Key type dns_resolver registered
[   19.661289] microcode: CPU0 sig=0x806e9, pf=0x2, revision=0x0
[   19.661367] microcode: CPU1 sig=0x806e9, pf=0x2, revision=0x0
[   19.661423] microcode: Microcode Update Driver: v2.01 <tigran@aivazian.fsnet.co.uk>, Peter Oruba
[   19.661526] registered taskstats version 1
[   19.661537] Loading compiled-in X.509 certificates
[   19.661996] Loaded X.509 cert 'Build time autogenerated kernel key: aa84f01984fbd529c105810b59e379d349698248'
[   19.662014] zswap: loaded using pool lzo/zbud
[   19.663358] Key type trusted registered
[   19.665258] Key type encrypted registered
[   19.665263] AppArmor: AppArmor sha1 policy hashing enabled
[   19.665265] ima: No TPM chip found, activating TPM-bypass!
[   19.665280] evm: HMAC attrs: 0x1
[   19.665500]   Magic number: 10:252:688
[   19.708867] rtc_cmos rtc_cmos: setting system clock to 2018-03-22 14:40:06 UTC (1521729606)
[   19.709025] BIOS EDD facility v0.16 2004-Jun-25, 0 devices found
[   19.709025] EDD information not available.
[   19.998078] input: AT Translated Set 2 keyboard as /devices/platform/i8042/serio0/input/input2
[   21.087022] Freeing unused kernel memory: 1508K
[   21.146138] Write protecting the kernel read-only data: 14336k
[   21.192872] Freeing unused kernel memory: 1700K
[   21.242026] Freeing unused kernel memory: 104K
Loading, please [   21.293591] random: systemd-udevd: uninitialized urandom read (16 bytes read, 7 bits of entropy available)
wait...
startin[   21.294204] random: udevadm: uninitialized urandom read (16 bytes read, 7 bits of entropy available)
g version 229
[   21.294221] random: udevadm: uninitialized urandom read (16 bytes read, 7 bits of entropy available)
[   21.302191] random: udevadm: uninitialized urandom read (16 bytes read, 7 bits of entropy available)
[   21.302237] random: udevadm: uninitialized urandom read (16 bytes read, 7 bits of entropy available)
[   21.302382] random: udevadm: uninitialized urandom read (16 bytes read, 7 bits of entropy available)
[   21.302421] random: udevadm: uninitialized urandom read (16 bytes read, 7 bits of entropy available)
[   21.302456] random: udevadm: uninitialized urandom read (16 bytes read, 7 bits of entropy available)
[   21.302492] random: udevadm: uninitialized urandom read (16 bytes read, 7 bits of entropy available)
[   21.302526] random: udevadm: uninitialized urandom read (16 bytes read, 7 bits of entropy available)
[   21.989779] e1000: Intel(R) PRO/1000 Network Driver - version 7.3.21-k8-NAPI
[   21.997607] e1000: Copyright (c) 1999-2006 Intel Corporation.
[   21.998708] Fusion MPT base driver 3.04.20
[   21.998708] Copyright (c) 1999-2008 LSI Corporation
[   22.025739] Fusion MPT SPI Host driver 3.04.20
[   22.090039] AVX2 version of gcm_enc/dec engaged.
[   22.122159] AES CTR mode by8 optimization enabled
[   22.241486] input: ImExPS/2 Generic Explorer Mouse as /devices/platform/i8042/serio1/input/input4
[   22.426825] e1000 0000:00:03.0 eth0: (PCI:33MHz:32-bit) 02:ec:c5:86:c8:d5
[   23.809084] e1000 0000:00:03.0 eth0: Intel(R) PRO/1000 Network Connection
[   24.253819] e1000 0000:00:08.0 eth1: (PCI:33MHz:32-bit) 08:00:27:5d:5d:a4
[   24.847197] e1000 0000:00:08.0 eth1: Intel(R) PRO/1000 Network Connection
[   24.942049] mptbase: ioc0: Initiating bringup
[   24.942276] e1000 0000:00:08.0 enp0s8: renamed from eth1
[   24.990359] e1000 0000:00:03.0 enp0s3: renamed from eth0
[   25.045440] ioc0: LSI53C1030 A0: Capabilities={Initiator}
[   25.103675] floppy0: no floppy controllers found
[   25.206925] scsi host2: ioc0: LSI53C1030 A0, FwRev=00000000h, Ports=1, MaxQ=256, IRQ=20
[   25.354157] scsi 2:0:0:0: Direct-Access     VBOX     HARDDISK         1.0  PQ: 0 ANSI: 5
[   25.393585] scsi target2:0:0: Beginning Domain Validation
[   25.400640] scsi target2:0:0: Domain Validation skipping write tests
[   25.455561] scsi target2:0:0: Ending Domain Validation
[   25.489555] scsi target2:0:0: asynchronous
[   25.508891] scsi 2:0:1:0: Direct-Access     VBOX     HARDDISK         1.0  PQ: 0 ANSI: 5
[   25.613668] scsi target2:0:1: Beginning Domain Validation
[   25.660969] scsi target2:0:1: Domain Validation skipping write tests
[   25.675142] scsi target2:0:1: Ending Domain Validation
[   25.714881] scsi target2:0:1: asynchronous
[   25.750133] sd 2:0:0:0: [sda] 20971520 512-byte logical blocks: (10.7 GB/10.0 GiB)
[   25.836300] sd 2:0:0:0: Attached scsi generic sg0 type 0
[   25.866053] sd 2:0:1:0: Attached scsi generic sg1 type 0
[   25.870160] sd 2:0:0:0: [sda] Write Protect is off
[   25.870317] sd 2:0:0:0: [sda] Incomplete mode parameter data
[   25.870318] sd 2:0:0:0: [sda] Assuming drive cache: write through
[   25.937736] sd 2:0:1:0: [sdb] 20480 512-byte logical blocks: (10.5 MB/10.0 MiB)
[   25.937943] sd 2:0:1:0: [sdb] Write Protect is off
[   25.938021] sd 2:0:1:0: [sdb] Incomplete mode parameter data
[   25.938022] sd 2:0:1:0: [sdb] Assuming drive cache: write through
[   25.950147]  sda: sda1
[   25.950968] sd 2:0:1:0: [sdb] Attached SCSI disk
[   25.951241] sd 2:0:0:0: [sda] Attached SCSI disk
Begin: Loading essential drivers ... [   27.401406] md: linear personality registered for level -1
[   27.432425] md: multipath personality registered for level -4
[   27.480780] md: raid0 personality registered for level 0
[   27.516461] md: raid1 personality registered for level 1
[   27.637393] raid6: sse2x1   gen() 11157 MB/s
[   27.761246] raid6: sse2x1   xor()  8803 MB/s
[   27.841161] raid6: sse2x2   gen() 14585 MB/s
[   27.969696] raid6: sse2x2   xor() 10088 MB/s
[   28.093693] raid6: sse2x4   gen() 15820 MB/s
[   28.209292] raid6: sse2x4   xor()  5959 MB/s
[   28.285213] raid6: avx2x1   gen() 22025 MB/s
[   28.357161] raid6: avx2x2   gen() 26399 MB/s
[   28.441716] raid6: avx2x4   gen() 28668 MB/s
[   28.461635] raid6: using algorithm avx2x4 gen() 28668 MB/s
[   28.471122] raid6: using avx2x2 recovery algorithm
[   28.473100] xor: automatically using best checksumming function:
[   28.581247]    avx       : 32566.000 MB/sec
[   28.641286] async_tx: api initialized (async)
[   28.648293] md: raid6 personality registered for level 6
[   28.662062] md: raid5 personality registered for level 5
[   28.663017] md: raid4 personality registered for level 4
[   28.668589] md: raid10 personality registered for level 10
done.
Begin: Running /scripts/init-premount ... done[   28.733115] Btrfs loaded
.
Begin: Mounting root file system ... Begin: Running /scripts/local-top ... done.
Begin: Running /scripts/local-premount ... Scanning for Btrfs filesystems
done.
Warning: fsck no[   28.781438] EXT4-fs (sda1): INFO: recovery required on readonly filesystem
t present, so sk[   28.903961] EXT4-fs (sda1): write access will be enabled during recovery
ipping root file system
[   28.994027] EXT4-fs (sda1): orphan cleanup on readonly fs
[   29.060651] EXT4-fs (sda1): 8 orphan inodes deleted
[   29.138310] EXT4-fs (sda1): recovery complete
[   29.219684] EXT4-fs (sda1): mounted filesystem with ordered data mode. Opts: (null)
done.
Begin: Running /scripts/local-bottom ... done.
Begin: Running /scripts/init-bottom ... done.
[   29.639375] random: nonblocking pool is initialized
[   30.051651] systemd[1]: systemd 229 running in system mode. (+PAM +AUDIT +SELINUX +IMA +APPARMOR +SMACK +SYSVINIT +UTMP +LIBCRYPTSETUP +GCRYPT +GNUTLS +ACL +XZ -LZ4 +SECCOMP +BLKID +ELFUTILS +KMOD -IDN)
[   30.236160] systemd[1]: Detected virtualization oracle.
[   30.287389] systemd[1]: Detected architecture x86-64.

Welcome to [1mUbuntu 16.04.4 LTS[0m!

[   30.407962] systemd[1]: Set hostname to <ubuntu-xenial>.
[   31.570593] systemd[1]: Created slice User and Session Slice.
[[0;32m  OK  [0m] Created slice User and Session Slice.
[   31.634531] systemd[1]: Created slice System Slice.
[[0;32m  OK  [0m] Created slice System Slice.
[   31.703800] systemd[1]: Created slice system-serial\x2dgetty.slice.
[[0;32m  OK  [0m] Created slice system-serial\x2dgetty.slice.
[   31.756312] systemd[1]: Listening on Syslog Socket.
[[0;32m  OK  [0m] Listening on Syslog Socket.
[   31.791284] systemd[1]: Listening on LVM2 metadata daemon socket.
[[0;32m  OK  [0m] Listening on LVM2 metadata daemon socket.
[   31.913803] systemd[1]: Listening on Journal Audit Socket.
[[0;32m  OK  [0m] Listening on Journal Audit Socket.
[   31.997801] systemd[1]: Listening on udev Kernel Socket.
[[0;32m  OK  [0m] Listening on udev Kernel Socket.
[   32.077844] systemd[1]: Listening on udev Control Socket.
[[0;32m  OK  [0m] Listening on udev Control Socket.
[   32.161525] systemd[1]: Listening on Device-mapper event daemon FIFOs.
[[0;32m  OK  [0m] Listening on Device-mapper event daemon FIFOs.
[   32.305544] systemd[1]: Set up automount Arbitrary Executable File Formats File System Automount Point.
[[0;32m  OK  [0m] Set up automount Arbitrary Executab...ats File System Automount Point.
[   32.425695] systemd[1]: Listening on /dev/initctl Compatibility Named Pipe.
[[0;32m  OK  [0m] Listening on /dev/initctl Compatibility Named Pipe.
[   32.521466] systemd[1]: Listening on Journal Socket (/dev/log).
[[0;32m  OK  [0m] Listening on Journal Socket (/dev/log).
[   32.553584] systemd[1]: Reached target Slices.
[[0;32m  OK  [0m] Reached target Slices.
[   32.605702] systemd[1]: Reached target User and Group Name Lookups.
[[0;32m  OK  [0m] Reached target User and Group Name Lookups.
[   32.732299] systemd[1]: Reached target Swap.
[[0;32m  OK  [0m] Reached target Swap.
[   32.797901] systemd[1]: Reached target Encrypted Volumes.
[[0;32m  OK  [0m] Reached target Encrypted Volumes.
[   32.881959] systemd[1]: Started Forward Password Requests to Wall Directory Watch.
[[0;32m  OK  [0m] Started Forward Password Requests to Wall Directory Watch.
[   33.022120] systemd[1]: Started Trigger resolvconf update for networkd DNS.
[[0;32m  OK  [0m] Started Trigger resolvconf update for networkd DNS.
[   33.185783] systemd[1]: Listening on Journal Socket.
[[0;32m  OK  [0m] Listening on Journal Socket.
[   33.265487] systemd[1]: Starting Journal Service...
         Starting Journal Service...
[   33.449444] systemd[1]: Starting Load Kernel Modules...
         Starting Load Kernel Modules...
[   33.525436] systemd[1]: Starting Set console keymap...
[   335333 LoadingiSSItrsprtlas .070

         Starting Set console keymap...
[   34.029871] systemd[1]: Mounting POSIX Message Queue File System...
         Mounting POSIX Message Queue File System...
[   34.127938] iscsi: registered transport (tcp)
[   34.198651] systemd[1]: Starting Monitoring of LVM2 mirrors, snapshots etc. using dmeventd or progress polling...
         Starting Monitoring of LVM2 mirrors... dmeventd or progress polling...
[   34.413562] systemd[1]: Starting Remount Root and Kernel File Systems...
         Starting Remount Root and Kernel File Systems...[   34.491023] EXT4-fs (sda1): re-mounted. Opts: (null)

[   34.533581] systemd[1]: Mounting Debug File System...
[   34.584738] iscsi: registered transport (iser)
         Mounting Debug File System...
[   34.671035] systemd[1]: Starting Nameserver information manager...
         Starting Nameserver information manager...
[   34.686210] systemd[1]: Starting Uncomplicated firewall...
         Starting Uncomplicated firewall...
[   34.741476] systemd[1]: Starting Create list of required static device nodes for the current kernel...
         Starting Create list of required st... nodes for the current kernel...
[   34.902052] systemd[1]: Mounting Huge Pages File System...
         Mounting Huge Pages File System...
[   34.981753] systemd[1]: Listening on LVM2 poll daemon socket.
[[0;32m  OK  [0m] Listening on LVM2 poll daemon socket.
[   35.066697] systemd[1]: Mounted Huge Pages File System.
[[0;32m  OK  [0m] Mounted Huge Pages File System.
[   35.117593] systemd[1]: Mounted POSIX Message Queue File System.
[[0;32m  OK  [0m] Mounted POSIX Message Queue File System.
[   35.182426] systemd[1]: Mounted Debug File System.
[[0;32m  OK  [0m] Mounted Debug File System.
[   35.254540] systemd[1]: Started Journal Service.
[[0;32m  OK  [0m] Started Journal Service.
[[0;32m  OK  [0m] Started Load Kernel Modules.
[[0;32m  OK  [0m] Started Set console keymap.
[[0;32m  OK  [0m] Started Remount Root and Kernel File Systems.
[[0;32m  OK  [0m] Started Uncomplicated firewall.
[[0;32m  OK  [0m] Started Create list of required sta...ce nodes for the current kernel.
[[0;32m  OK  [0m] Started Nameserver information manager.
[[0;32m  OK  [0m] Started LVM2 metadata daemon.
         Starting Create Static Device Nodes in /dev...
         Starting Load/Save Random Seed...
         Starting udev Coldplug all Devices...
         Starting Initial cloud-init job (pre-networking)...
         Starting Apply Kernel Variables...
         Mounting FUSE Control File System...
         Starting Flush Journal to Persistent Storage...
[[0;32m  OK  [0m] Mounted FUSE Control File System.
[[0;32m  OK  [0m] Started Load/Save Random Seed.
[[0;32m  OK  [0m] Started Monitoring of LVM2 mirrors,...ng dmeventd or progress polling.
[[0;32m  OK  [0m] Started Create Static Device Nodes in /dev.
[[0;32m  OK  [0m] Started Apply Kernel Variables.
[[0;32m  OK  [0m] Started udev Coldplug all Devices.
         Starting udev Kernel Device Manager...
[[0;32m  OK  [0m] Started Flush Journal to Persistent Storage.
[[0;32m  OK  [0m] Started udev Kernel Device Manager.
[[0;32m  OK  [0m] Started Dispatch Password Requests to Console Directory Watch.
[[0;32m  OK  [0m] Reached target Local File Systems (Pre).
[[0;32m  OK  [0m] Reached target Local File Systems.
         Starting LSB: AppArmor initialization...
         Starting Set console font and keymap...
         Starting Tell Plymouth To Write Out Runtime Data...
         Starting Create Volatile Files and Directories...
[[0;32m  OK  [0m] Found device /dev/ttyS0.
[[0;32m  OK  [0m] Started Tell Plymouth To Write Out Runtime Data.
[[0;32m  OK  [0m] Started Create Volatile Files and Directories.
[[0;32m  OK  [0m] Reached target System Time Synchronized.
         Starting Update UTMP about System Boot/Shutdown...
[[0;32m  OK  [0m] Started Update UTMP about System Boot/Shutdown.
[[0;32m  OK  [0m] Found device 82540EM Gigabit Ethern...r (PRO/1000 MT Desktop Adapter).
[[0;32m  OK  [0m] Found device 82540EM Gigabit Ethern...r (PRO/1000 MT Desktop Adapter).
[[0;32m  OK  [0m] Started Set console font and keymap.
[[0;32m  OK  [0m] Created slice system-getty.slice.
[[0;32m  OK  [0m] Listening on Load/Save RF Kill Switch Status /dev/rfkill Watch.
[[0;32m  OK  [0m] Started LSB: AppArmor initialization.
[   29.315594] cloud-init[444]: Cloud-init v. 17.2 running 'init-local' at Thu, 22 Mar 2018 14:40:28 +0000. Up 28.80 seconds.
[[0;32m  OK  [0m] Started Initial cloud-init job (pre-networking).
[[0;32m  OK  [0m] Reached target Network (Pre).
[[0;32m  OK  [0m] Started ifup for enp0s8.
         Starting Raise network interfaces...
[[0;32m  OK  [0m] Started ifup for enp0s3.
[[0;32m  OK  [0m] Started Raise network interfaces.
[[0;32m  OK  [0m] Reached target Network.
         Starting Initial cloud-init job (metadata service crawler)...
[   30.951527] cloud-init[1061]: Cloud-init v. 17.2 running 'init' at Thu, 22 Mar 2018 14:40:30 +0000. Up 30.12 seconds.
[   31.008876] cloud-init[1061]: ci-info: ++++++++++++++++++++++++++++++++++++++Net device info++++++++++++++++++++++++++++++++++++++
[[0;32m  OK  [0m] Started Initial cloud-init job (metadata service crawler).
[   31.009382] cloud-init[1061]: ci-info: +--------+------+-----------------------------+---------------+-------+-------------------+
[   31.337200] cloud-init[1061]: ci-info: | Device |  Up  |           Address           |      Mask     | Scope |     Hw-Address    |
[[0;32m  OK  [0m] Reached target Cloud-config availability.
[[   31.337699] cloud-init[1061]: ci-info: +--------+------+-----------------------------+---------------+-------+-------------------+
[   31.486587] cloud-init[1061]: ci-info: | enp0s3 | True |          10.0.2.15          | 255.255.255.0 |   .   | 02:ec:c5:86:c8:d5 |
[0;32m  OK  [0m] Reached target System Initialization.
[   31.486723] cloud-init[1061]: ci-info: | enp0s3 | True |  fe80::ec:c5ff:fe86:c8d5/64 |       .       |  link | 02:ec:c5:86:c8:d5 |
[   31.884767] cloud-init[1061]: ci-info: | enp0s8 | True |        192.168.33.10        | 255.255.255.0 |   .   | 08:00:27:5d:5d:a4 |
[   31.885109] cloud-init[1061]: ci-info: | enp0s8 | True | fe80::a00:27ff:fe5d:5da4/64 |       .       |  link | 08:00:27:5d:5d:a4 |
[[0;32m  OK  [0m] Started ACPI Events Check.
[[   31.885234] cloud-init[1061]: ci-info: |   lo   | True |          127.0.0.1          |   255.0.0.0   |   .   |         .         |
[   32.181531] cloud-init[1061]: ci-info: |   lo   | True |           ::1/128           |       .       |  host |         .         |
[0;32m  OK  [0m] Reached target Paths.
[[   32.181684] cloud-init[1061]: ci-info: +--------+------+-----------------------------+---------------+-------+-------------------+
[   32.357031] cloud-init[1061]: ci-info: ++++++++++++++++++++++++++++Route IPv4 info++++++++++++++++++++++++++++
[0;32m  OK  [0m] Started Daily Cleanup of Temporary Directories.
[   32.357087] cloud-init[1061]: ci-info: +-------+--------------+----------+---------------+-----------+-------+
[   32.436509] cloud-init[1061]: ci-info: | Route | Destination  | Gateway  |    Genmask    | Interface | Flags |
[[0;32m  OK  [0m] Listening on D-Bus System Message Bus Socket.
[[   32.436655] cloud-init[1061]: ci-info: +-------+--------------+----------+---------------+-----------+-------+
[   32.716831] cloud-init[1061]: ci-info: |   0   |   0.0.0.0    | 10.0.2.2 |    0.0.0.0    |   enp0s3  |   UG  |
[   32.716951] cloud-init[1061]: ci-info: |   1   |   10.0.2.0   | 0.0.0.0  | 255.255.255.0 |   enp0s3  |   U   |
[   32.717084] cloud-init[1061]: ci-info: |   2   | 192.168.33.0 | 0.0.0.0  | 255.255.255.0 |   enp0s8  |   U   |
[   32.717222] cloud-init[1061]: ci-info: +-------+--------------+----------+---------------+-----------+-------+
[0;32m  OK  [0m] Listening on UUID daemon activation socket.
[[0;32m  OK  [0m] Started Clean PHP session files every 30 mins.
[[0;32m  OK  [0m] Listening on ACPID Listen Socket.
[[0;32m  OK  [0m] Started Timer to automatically refresh installed snaps.
[[0;32m  OK  [0m] Started Daily apt download activities.
[[0;32m  OK  [0m] Started Daily apt upgrade and clean activities.
[[0;32m  OK  [0m] Reached target Timers.
         Starting Socket activation for snappy daemon.
         Starting LXD - unix socket.
[[0;32m  OK  [0m] Reached target Network is Online.
         Starting iSCSI initiator daemon (iscsid)...
[[0;32m  OK  [0m] Listening on Socket activation for snappy daemon.
[[0;32m  OK  [0m] Listening on LXD - unix socket.
[[0;32m  OK  [0m] Reached target Sockets.
[[0;32m  OK  [0m] Reached target Basic System.
         Starting /etc/rc.local Compatibility...
[[0;32m  OK  [0m] Started FUSE filesystem for LXC.
[[0;32m  OK  [0m] Started ACPI event daemon.
         Starting Clean php session files...
         Starting OpenBSD Secure Shell server...
         Starting Login Service...
         Starting LSB: Record successful boot for GRUB...
         Starting LXD - container startup/shutdown...
         Starting Accounts Service...
         Starting System Logging Service...
[[0;32m  OK  [0m] Started Regular background program processing daemon.
         Starting LSB: MD monitoring daemon...
         Starting The PHP 7.2 FastCGI Process Manager...
[[0;32m  OK  [0m] Started Unattended Upgrades Shutdown.
[[0;32m  OK  [0m] Started D-Bus System Message Bus.
[[0;32m  OK  [0m] Started Deferred execution scheduler.
         Starting Apply the settings specified in cloud-config...
         Starting Snappy daemon...
         Starting MySQL Community Server...
[[0;32m  OK  [0m] Started System Logging Service.
[[0;32m  OK  [0m] Started OpenBSD Secure Shell server.
[[0;32m  OK  [0m] Started iSCSI initiator daemon (iscsid).
[[0;32m  OK  [0m] Started /etc/rc.local Compatibility.
         Starting Login to default iSCSI targets...
[[0;32m  OK  [0m] Started Login Service.
         Starting Authenticate and Authorize Users to Run Privileged Tasks...
[[0;32m  OK  [0m] Started LSB: Record successful boot for GRUB.
[[0;32m  OK  [0m] Started LSB: MD monitoring daemon.
[[0;32m  OK  [0m] Started Login to default iSCSI targets.
[[0;32m  OK  [0m] Reached target Remote File Systems (Pre).
[[0;32m  OK  [0m] Reached target Remote File Systems.
[   38.032915] cloud-init[1177]: Cloud-init v. 17.2 running 'modules:config' at Thu, 22 Mar 2018 14:40:36 +0000. Up 36.20 seconds.
         Starting LSB: daemon to balance interrupts for SMP systems...
         Starting LSB: automatic crash report generation...
         Starting LSB: Set the CPU Frequency Scaling governor to "ondemand"...
         Starting LSB: Apache2 web server...
         Starting LSB: VirtualBox Linux Additions...
         Starting Permit User Sessions...
[[0;32m  OK  [0m] Started Apply the settings specified in cloud-config.
[[0;32m  OK  [0m] Started LSB: Set the CPU Frequency Scaling governor to "ondemand".
[[0;32m  OK  [0m] Started Permit User Sessions.
         Starting Terminate Plymouth Boot Screen...
         Starting Hold until boot process finishes up...
[[0;32m  OK  [0m] Started Terminate Plymouth Boot Screen.
[[0;32m  OK  [0m] Started Hold until boot process finishes up.
[[0;32m  OK  [0m] Started Serial Getty on ttyS0.
         Starting Set console scheme...
[[0;32m  OK  [0m] Started Getty on tty1.
[[0;32m  OK  [0m] Reached target Login Prompts.
[[0;32m  OK  [0m] Started Authenticate and Authorize Users to Run Privileged Tasks.
[[0;32m  OK  [0m] Started Accounts Service.
[[0;32m  OK  [0m] Started LSB: automatic crash report generation.
[[0;32m  OK  [0m] Started LSB: daemon to balance interrupts for SMP systems.
[[0;32m  OK  [0m] Started Set console scheme.
[[0;32m  OK  [0m] Created slice User Slice of vagrant.
         Starting User Manager for UID 1000...
[[0;32m  OK  [0m] Started Session 1 of user vagrant.
[[0;32m  OK  [0m] Started User Manager for UID 1000.
[[0;32m  OK  [0m] Started LSB: VirtualBox Linux Additions.
[[0;32m  OK  [0m] Started LXD - container startup/shutdown.

Ubuntu 16.04.4 LTS ubuntu-xenial ttyS0

ubuntu-xenial login: [   50.350833] cloud-init[1861]: Cloud-init v. 17.2 running 'modules:final' at Thu, 22 Mar 2018 14:40:50 +0000. Up 50.18 seconds.
[   50.351251] cloud-init[1861]: Cloud-init v. 17.2 finished at Thu, 22 Mar 2018 14:40:50 +0000. Datasource DataSourceNoCloud [seed=/dev/sdb][dsmode=net].  Up 50.34 seconds
